<?xml version="1.0" encoding="UTF-8"?>
<!-- Generated by org.testng.reporters.JUnitReportReporter -->
<testsuite skipped="0" hostname="BharathGupta-PC" name="com.w2a.testcases.OpenAccountTest" tests="1" failures="0" timestamp="30 Jan 2019 18:17:24 GMT" time="2.637" errors="0">
  <testcase name="openAccountTest" time="2.637" classname="com.w2a.testcases.OpenAccountTest"/>
</testsuite> <!-- com.w2a.testcases.OpenAccountTest -->
